<?xml version="1.0" encoding="UTF-8"?>
<testng-results ignored="0" total="1" passed="1" failed="0" skipped="0">
  <reporter-output>
  </reporter-output>
  <suite started-at="2024-02-23T12:39:43 EST" name="Default suite" finished-at="2024-02-23T12:40:01 EST" duration-ms="17701">
    <groups>
    </groups>
    <test started-at="2024-02-23T12:39:43 EST" name="Default test" finished-at="2024-02-23T12:40:01 EST" duration-ms="17701">
      <class name="Framework_basics.POM_project.AppTest">
        <test-method signature="valid_application()[pri:0, instance:Framework_basics.POM_project.AppTest@3b6ddd1d]" started-at="2024-02-23T12:39:43 EST" name="valid_application" finished-at="2024-02-23T12:40:01 EST" duration-ms="17596" status="PASS">
          <reporter-output>
          </reporter-output>
        </test-method> <!-- valid_application -->
      </class> <!-- Framework_basics.POM_project.AppTest -->
    </test> <!-- Default test -->
  </suite> <!-- Default suite -->
</testng-results>
